<?xml version="1.0" encoding="UTF-8"?>
<testng-results skipped="0" failed="0" total="1" passed="1">
  <reporter-output>
  </reporter-output>
  <suite name="Default suite" duration-ms="266548" started-at="2020-01-06T09:58:39Z" finished-at="2020-01-06T10:03:05Z">
    <groups>
    </groups>
    <test name="Default test" duration-ms="266548" started-at="2020-01-06T09:58:39Z" finished-at="2020-01-06T10:03:05Z">
      <class name="com.testyantra.testscript.TestScript">
        <test-method status="PASS" signature="Compareprice()[pri:0, instance:com.testyantra.testscript.TestScript@77caeb3e]" name="Compareprice" duration-ms="266423" started-at="2020-01-06T15:28:39Z" finished-at="2020-01-06T15:33:05Z">
          <reporter-output>
          </reporter-output>
        </test-method> <!-- Compareprice -->
      </class> <!-- com.testyantra.testscript.TestScript -->
    </test> <!-- Default test -->
  </suite> <!-- Default suite -->
</testng-results>
